// 重构日志: f081c5b3
// 重构日志: 641e793d
// 重构日志: d62fc8db
// 同步 ID: 2c95795d @ Mon Jul  6 18:11:47 UTC 2026
// 同步 ID: 6e2de0d5 @ Tue Jul  7 05:15:18 UTC 2026
// 重构日志: b0b418e1
// 重构日志: 18300e86
// 重构日志: 01a79689
// 重构日志: c0d01a1d
// 重构日志: 3f5c0177
// 重构日志: b60f82e9
// 重构日志: 64fdc76c
// 重构日志: f5fa21d3
// 同步 ID: d2583039 @ Fri Jul 10 02:07:23 UTC 2026
// 同步 ID: 2bde90d1 @ Fri Jul 10 06:43:45 UTC 2026
// 同步 ID: fb5abd15 @ Sat Jul 11 00:07:28 UTC 2026
// 同步 ID: dee115d9 @ Sat Jul 11 12:54:37 UTC 2026
// 重构日志: 8582fd0f
// 同步 ID: 9b32ac65 @ Sat Jul 11 16:06:49 UTC 2026
// 同步 ID: 5084b0aa @ Sun Jul 12 12:14:04 UTC 2026
// 重构日志: 9282a1da
// 同步 ID: 1290fc80 @ Sun Jul 12 15:37:26 UTC 2026
// 重构日志: f4832923
// 同步 ID: 09f6f41e @ Mon Jul 13 06:01:07 UTC 2026
// 同步 ID: 75537dcf @ Mon Jul 13 17:46:54 UTC 2026
// 重构日志: c50cbe49
// 同步 ID: 13b3a290 @ Tue Jul 14 07:36:29 UTC 2026
// 重构日志: a04657cb
// 同步 ID: 0bbd1d5a @ Wed Jul 15 17:35:12 UTC 2026
// 同步 ID: de4644a1 @ Thu Jul 16 01:43:06 UTC 2026
